### Genotyped data only
> summary(fit_imp_bin_noperm )

                fitqtl summary

Method: multiple imputation
Model:  normal phenotype
Number of observations : 91

Full model result
----------------------------------
Model formula: y ~ Q1 + Q2 + Q3

      df        SS        MS      LOD     %var Pvalue(Chi2) Pvalue(F)
Model  6 331.85756 55.309593 29.23095 77.21959            0         0
Error 84  97.90069  1.165484
Total 90 429.75824


Drop one QTL at a time ANOVA table:
----------------------------------
        df Type III SS    LOD   %var F value Pvalue(Chi2) Pvalue(F)
2@46.8   2      145.18 17.971 33.781  62.281        0.000   < 2e-16 ***
8@43.1   2       11.94  2.275  2.779   5.124        0.005   0.00795 **
18@37.8  2       38.22  6.512  8.893  16.395        0.000  9.74e-07 ***
---
Signif. codes:  0 ‘***’ 0.001 ‘**’ 0.01 ‘*’ 0.05 ‘.’ 0.1 ‘ ’ 1


Estimated effects:
-----------------
              est      SE      t
Intercept  2.8509  0.1274 22.386
2@46.8a   -1.5708  0.1699 -9.246
2@46.8d    1.2392  0.2408  5.145
8@43.1a    0.4767  0.1578  3.022
8@43.1d   -0.2070  0.2412 -0.858
18@37.8a   0.9675  0.1761  5.494
18@37.8d   0.5098  0.2358  2.162

### With Ungenotyped data and stratified permutations 
> summary(fit_imp_normal_ug)

                fitqtl summary

Method: multiple imputation
Model:  normal phenotype
Number of observations : 270

Full model result
----------------------------------
Model formula: y ~ Q1 + Q2 + Q3

       df       SS        MS      LOD     %var Pvalue(Chi2) Pvalue(F)
Model   6 347.4514 57.908564 28.78828 38.79971            0         0
Error 263 548.0486  2.083835
Total 269 895.5000


Drop one QTL at a time ANOVA table:
----------------------------------
        df Type III SS   LOD   %var F value Pvalue(Chi2) Pvalue(F)
2@46.8   2      198.28 18.10 22.142  47.575            0   < 2e-16 ***
8@43.1   2       33.61  3.49  3.753   8.065            0  0.000399 ***
18@36.6  2       61.55  6.24  6.873  14.768            0  8.35e-07 ***
---
Signif. codes:  0 ‘***’ 0.001 ‘**’ 0.01 ‘*’ 0.05 ‘.’ 0.1 ‘ ’ 1


Estimated effects:
-----------------
               est       SE      t
Intercept  3.15919  0.11694 27.015
2@46.8a   -1.02424  0.13842 -7.399
2@46.8d    0.77393  0.21283  3.636
8@43.1a    0.54748  0.17278  3.169
8@43.1d   -0.01842  0.18371 -0.100
18@36.6a   0.66964  0.15315  4.373
18@36.6d   0.20445  0.25121  0.814

